<?xml version="1.0" encoding="UTF-8"?>
<!-- Generated by org.testng.reporters.JUnitReportReporter -->
<testsuite skipped="0" hostname="DESKTOP-TLOZ" name="com.regression.Test_1" tests="1" failures="0" timestamp="2020-04-30T00:51:46 MDT" time="5.448" errors="0">
  <testcase name="f" time="5.448" classname="com.regression.Test_1"/>
  <system-out/>
</testsuite> <!-- com.regression.Test_1 -->
