<?xml version="1.0" encoding="UTF-8"?>
<!-- Generated by org.testng.reporters.JUnitReportReporter -->
<testsuite skipped="1" hostname="DESKTOP-TLOZ" name="com.regression.Flight_Test_Singleton" tests="1" failures="0" timestamp="2020-05-07T13:12:14 MDT" time="1.321" errors="0">
  <testcase name="h" time="1.321" classname="com.regression.Flight_Test_Singleton">
    <skipped/>
  </testcase> <!-- h -->
  <system-out/>
</testsuite> <!-- com.regression.Flight_Test_Singleton -->
