<?xml version="1.0" encoding="UTF-8"?>
<!-- Generated by org.testng.reporters.JUnitReportReporter -->
<testsuite skipped="0" hostname="DESKTOP-TLOZ" name="com.regression.Test_2" tests="1" failures="0" timestamp="2020-05-07T13:12:14 MDT" time="25.307" errors="0">
  <testcase name="f" time="25.307" classname="com.regression.Test_2"/>
  <system-out/>
</testsuite> <!-- com.regression.Test_2 -->
